Buildfile: build.xml

junit.init:

junit:
    [mkdir] Created dir: /home/dtftest/build/dtf/build/dtf/junit_results
    [junit] Running com.yahoo.dtf.junit.ByteUtilSuite
    [junit] Tests run: 2, Failures: 0, Errors: 0, Time elapsed: 0.341 sec
    [junit] Running com.yahoo.dtf.junit.CompHookSuite
    [junit] INFO  08/08/2010 07:40:09 Comm            - Host address [10.211.90.192]
    [junit] INFO  08/08/2010 07:40:09 CommRMIServer   - Listening at [30000]
    [junit] INFO  08/08/2010 07:40:09 Comm            - DTFC Setup.
    [junit] INFO  08/08/2010 07:40:09 DebugServer     - Listening at 127.0.0.1:40000
    [junit] INFO  08/08/2010 07:40:09 CompHookSuite   - 
    [junit] INFO  08/08/2010 07:40:09 CompHookSuite   - Testing ComponentHooks with:
    [junit] INFO  08/08/2010 07:40:09 CompHookSuite   -  * 10000 properties created.
    [junit] INFO  08/08/2010 07:40:09 CompHookSuite   -  * 128 components locked.
    [junit] INFO  08/08/2010 07:40:09 CompHookSuite   -  * dummy communication layer being used.
    [junit] INFO  08/08/2010 07:40:09 CompHookSuite   - 
    [junit] INFO  08/08/2010 07:40:16 CompHookSuite   - PropertyState hook took 50ms on average.
    [junit] INFO  08/08/2010 07:40:16 CompHookSuite   - StorageState hook took 0ms on average.
    [junit] INFO  08/08/2010 07:40:16 CompHookSuite   - StateComponentHook hook took 0ms on average.
    [junit] Tests run: 1, Failures: 0, Errors: 0, Time elapsed: 7.433 sec
    [junit] Running com.yahoo.dtf.junit.DTFJUnitTest
    [junit] Tests run: 0, Failures: 0, Errors: 0, Time elapsed: 0.293 sec
    [junit] Running com.yahoo.dtf.junit.DTFPropertiesSuite
    [junit] puts/sec: 90909.09090909091
    [junit] Puts/sec: 138888.8888888889
    [junit] clones/sec: 2000000.0
    [junit] elem a
    [junit] elem b
    [junit] elem c
    [junit] elem d
    [junit] elem z
    [junit] Tests run: 8, Failures: 0, Errors: 0, Time elapsed: 0.657 sec
    [junit] Running com.yahoo.dtf.junit.DebugServerSuite
    [junit] INFO  08/08/2010 07:40:19 DebugServer     - Listening at 127.0.0.1:40000
    [junit] INFO  08/08/2010 07:40:19 Comm            - Host address [10.211.90.192]
    [junit] INFO  08/08/2010 07:40:19 CommRMIServer   - Listening at [30000]
    [junit] INFO  08/08/2010 07:40:19 Comm            - DTFC Setup.
    [junit] INFO  08/08/2010 07:40:22 DebugServerSuite - Help Menu: 
    [junit] INFO  08/08/2010 07:40:22 DebugServerSuite - Available commands:
    [junit]     ?     - displays this help menu.
    [junit] 
    [junit]    quit   - quits this session.
    [junit] 
    [junit]  xmltrace - displays the DTF XML trace for all currently executing DTF Actions.
    [junit] 
    [junit]  loglevel info|error|debug|warn [x.y.z.Class]
    [junit]           - set the current loglevel, levels are info, debug, warn, error.
    [junit]             ex: loglevel info
    [junit] 
    [junit]   status  - the status of this DTF node (dtfc shows all node statuses).
    [junit] 
    [junit] 
    [junit] INFO  08/08/2010 07:40:23 DebugServerSuite - Current xmltrace: 
    [junit] INFO  08/08/2010 07:40:23 DebugServerSuite - 
    [junit] --------------------------------------------------------------------------------
    [junit]   Thread ID    |              XML Trace                |      Action State      
    [junit] --------------------------------------------------------------------------------
    [junit] --------------------------------------------------------------------------------
    [junit] 
    [junit] INFO  08/08/2010 07:40:23 DebugServerSuite - loglevel response: 
    [junit] INFO  08/08/2010 07:40:23 DebugServerSuite - Log level set to [debug]
    [junit] 
    [junit] INFO  08/08/2010 07:40:23 DebugServerSuite - loglevel response: 
    [junit] INFO  08/08/2010 07:40:23 DebugServerSuite - Log level set to [info]
    [junit] 
    [junit] INFO  08/08/2010 07:40:23 DebugServerSuite - loglevel response: 
    [junit] INFO  08/08/2010 07:40:23 DebugServerSuite - Bye
    [junit] 
    [junit] Tests run: 1, Failures: 0, Errors: 0, Time elapsed: 3.978 sec
    [junit] Running com.yahoo.dtf.junit.DummyComm
    [junit] Tests run: 0, Failures: 0, Errors: 0, Time elapsed: 0.301 sec
    [junit] Running com.yahoo.dtf.junit.EventSuite
    [junit] INFO  08/08/2010 07:40:25 EventSuite      - Validating recorder [txt]
    [junit] INFO  08/08/2010 07:40:25 RecorderFactory - Wiped [/tmp/junit/events_txt.txt]
    [junit] INFO  08/08/2010 07:40:26 EventSuite      - Record [stats] Op/sec: 249066
    [junit] WARN  08/08/2010 07:40:26 EventSuite      - No query handler for [stats]
    [junit] INFO  08/08/2010 07:40:26 RecorderFactory - Wiped [/tmp/junit/events_csv.txt]
    [junit] INFO  08/08/2010 07:40:28 EventSuite      - Record [csv] Op/sec: 118483
    [junit] WARN  08/08/2010 07:40:28 EventSuite      - No query handler for [csv]
    [junit] INFO  08/08/2010 07:40:28 RecorderFactory - Wiped [/tmp/junit/events_txt.txt]
    [junit] INFO  08/08/2010 07:40:30 EventSuite      - Record [txt] Op/sec: 106951
    [junit] INFO  08/08/2010 07:40:31 EventSuite      - Query  [txt] Op/sec: 133067
    [junit] INFO  08/08/2010 07:40:31 EventSuite      - Event size 5263 bytes.
    [junit] INFO  08/08/2010 07:40:31 EventSuite      - Record [stats] Op/sec: 104712
    [junit] INFO  08/08/2010 07:40:31 EventSuite      - Record [stats] MB/sec: 525
    [junit] WARN  08/08/2010 07:40:31 EventSuite      - No query handler for [stats]
    [junit] INFO  08/08/2010 07:40:31 RecorderFactory - Wiped [/tmp/junit/events_csv.txt]
    [junit] INFO  08/08/2010 07:40:31 EventSuite      - Event size 5263 bytes.
    [junit] INFO  08/08/2010 07:40:38 EventSuite      - Record [csv] Op/sec: 3188
    [junit] INFO  08/08/2010 07:40:38 EventSuite      - Record [csv] MB/sec: 16
    [junit] WARN  08/08/2010 07:40:38 EventSuite      - No query handler for [csv]
    [junit] INFO  08/08/2010 07:40:38 RecorderFactory - Wiped [/tmp/junit/events_txt.txt]
    [junit] INFO  08/08/2010 07:40:38 EventSuite      - Event size 5263 bytes.
    [junit] INFO  08/08/2010 07:40:48 EventSuite      - Record [txt] Op/sec: 1975
    [junit] INFO  08/08/2010 07:40:48 EventSuite      - Record [txt] MB/sec: 9
    [junit] INFO  08/08/2010 07:40:53 EventSuite      - Query  [txt] Op/sec: 3584
    [junit] INFO  08/08/2010 07:40:53 EventSuite      - Query  [txt] MB/sec: 17
    [junit] Tests run: 3, Failures: 0, Errors: 0, Time elapsed: 28.906 sec
    [junit] Running com.yahoo.dtf.junit.HashUtilSuite
    [junit] INFO  08/08/2010 07:40:58 HashUtilSuite   - sha1/s: 53648
    [junit] Tests run: 2, Failures: 0, Errors: 0, Time elapsed: 4.193 sec
    [junit] Running com.yahoo.dtf.junit.LockHookSuite
    [junit] INFO  08/08/2010 07:40:59 Comm            - Host address [10.211.90.192]
    [junit] INFO  08/08/2010 07:40:59 CommRMIServer   - Listening at [30000]
    [junit] INFO  08/08/2010 07:40:59 Comm            - DTFC Setup.
    [junit] INFO  08/08/2010 07:40:59 DebugServer     - Listening at 127.0.0.1:40000
    [junit] INFO  08/08/2010 07:40:59 LockHookSuite   - 
    [junit] INFO  08/08/2010 07:40:59 LockHookSuite   - Testing LockHooks with:
    [junit] INFO  08/08/2010 07:40:59 LockHookSuite   -  * 1000 functions registered.
    [junit] INFO  08/08/2010 07:40:59 LockHookSuite   -  * 1000 references created.
    [junit] INFO  08/08/2010 07:40:59 LockHookSuite   -  * 128 components locked.
    [junit] INFO  08/08/2010 07:40:59 LockHookSuite   -  * dummy communication layer being used.
    [junit] INFO  08/08/2010 07:40:59 LockHookSuite   - 
    [junit] INFO  08/08/2010 07:40:59 LockHookSuite   - ReferencesLockHook hook took 0ms on average.
    [junit] INFO  08/08/2010 07:40:59 LockHookSuite   - FunctionsLockHook hook took 0ms on average.
    [junit] Tests run: 1, Failures: 0, Errors: 0, Time elapsed: 0.818 sec
    [junit] Running com.yahoo.dtf.junit.NodeRunner
    [junit] Tests run: 0, Failures: 0, Errors: 0, Time elapsed: 0.33 sec
    [junit] Running com.yahoo.dtf.junit.NumberUtilSuite
    [junit] INFO  08/08/2010 07:41:02 NumberUtilSuite - Testing [1000000]
    [junit] INFO  08/08/2010 07:41:02 NumberUtilSuite - NumberUtil.isLong() took: 76ms
    [junit] INFO  08/08/2010 07:41:03 NumberUtilSuite - Regular expression took:  1200ms
    [junit] INFO  08/08/2010 07:41:03 NumberUtilSuite - Long.valueOf() took:      441ms
    [junit] INFO  08/08/2010 07:41:03 NumberUtilSuite - regular expression matching: true
    [junit] INFO  08/08/2010 07:41:03 NumberUtilSuite - NumberUtil.isLong:           true
    [junit] INFO  08/08/2010 07:41:03 NumberUtilSuite - isLong using Long.valueOf(): true
    [junit] INFO  08/08/2010 07:41:03 NumberUtilSuite - Testing [1233334a]
    [junit] INFO  08/08/2010 07:41:04 NumberUtilSuite - NumberUtil.isLong() took: 84ms
    [junit] INFO  08/08/2010 07:41:05 NumberUtilSuite - Regular expression took:  1158ms
    [junit] INFO  08/08/2010 07:41:15 NumberUtilSuite - Long.valueOf() took:      10529ms
    [junit] INFO  08/08/2010 07:41:15 NumberUtilSuite - regular expression matching: false
    [junit] INFO  08/08/2010 07:41:15 NumberUtilSuite - NumberUtil.isLong:           false
    [junit] INFO  08/08/2010 07:41:15 NumberUtilSuite - isLong using Long.valueOf(): false
    [junit] INFO  08/08/2010 07:41:15 NumberUtilSuite - Testing [100.123]
    [junit] INFO  08/08/2010 07:41:15 NumberUtilSuite - NumberUtil.isDouble() took: 76ms
    [junit] INFO  08/08/2010 07:41:16 NumberUtilSuite - Regular expression took:  1185ms
    [junit] INFO  08/08/2010 07:41:17 NumberUtilSuite - Double.valueOf() took:      390ms
    [junit] INFO  08/08/2010 07:41:17 NumberUtilSuite - regular expression matching: true
    [junit] INFO  08/08/2010 07:41:17 NumberUtilSuite - NumberUtil.isdouble:           true
    [junit] INFO  08/08/2010 07:41:17 NumberUtilSuite - isDouble using Double.valueOf(): true
    [junit] INFO  08/08/2010 07:41:17 NumberUtilSuite - Testing [123.334a]
    [junit] INFO  08/08/2010 07:41:17 NumberUtilSuite - NumberUtil.isDouble() took: 103ms
    [junit] INFO  08/08/2010 07:41:20 NumberUtilSuite - Regular expression took:  2842ms
    [junit] INFO  08/08/2010 07:41:29 NumberUtilSuite - Double.valueOf() took:      9548ms
    [junit] INFO  08/08/2010 07:41:29 NumberUtilSuite - regular expression matching: false
    [junit] INFO  08/08/2010 07:41:29 NumberUtilSuite - NumberUtil.isdouble:           false
    [junit] INFO  08/08/2010 07:41:29 NumberUtilSuite - isDouble using Double.valueOf(): false
    [junit] Tests run: 2, Failures: 0, Errors: 0, Time elapsed: 28.23 sec
    [junit] Running com.yahoo.dtf.junit.RandomGenSuite
    [junit] INFO  08/08/2010 07:41:30 RandomGenSuite  - Small Dataset Distribution
    [junit] INFO  08/08/2010 07:41:30 RandomGenSuite  - Random offby 10.00%
    [junit] INFO  08/08/2010 07:41:30 RandomGenSuite  - DTFRandom offby 10.00%
    [junit] INFO  08/08/2010 07:41:30 RandomGenSuite  - Large Dataset Distribution
    [junit] INFO  08/08/2010 07:41:31 RandomGenSuite  - Random offby .17%
    [junit] INFO  08/08/2010 07:41:32 RandomGenSuite  - DTFRandom offby .85%
    [junit] INFO  08/08/2010 07:41:33 RandomGenSuite  - Random ops/sec: 18281535
    [junit] INFO  08/08/2010 07:41:33 RandomGenSuite  - DTFRandom ops/sec: 20161290
    [junit] INFO  08/08/2010 07:41:34 RandomGenSuite  - Random ops/sec: 11441647
    [junit] INFO  08/08/2010 07:41:35 RandomGenSuite  - DTFRandom ops/sec: 14044943
    [junit] INFO  08/08/2010 07:41:37 RandomGenSuite  - Random bytes/sec: 52634404
    [junit] INFO  08/08/2010 07:41:40 RandomGenSuite  - DTFRandom bytes/sec: 58457198
    [junit] INFO  08/08/2010 07:41:40 RandomGenSuite  - Validating data for DTFRandom.
    [junit] INFO  08/08/2010 07:41:54 RandomGenSuite  - Generating nextInt() sequence from seed 1234567890
    [junit] INFO  08/08/2010 07:41:54 RandomGenSuite  - 782593066,746941499,577072204,541420637,639986798,604335231,1004891264,969239697,1067805858,1032154291,
    [junit] INFO  08/08/2010 07:41:54 RandomGenSuite  - randomString [�le3�lE1�l%7�l5]
    [junit] Tests run: 7, Failures: 0, Errors: 0, Time elapsed: 24.152 sec
    [junit] Running com.yahoo.dtf.junit.ShareSuite$SimpleGetter
    [junit] Tests run: 0, Failures: 0, Errors: 0, Time elapsed: 0.287 sec
    [junit] Running com.yahoo.dtf.junit.ShareSuite$SimpleSetter
    [junit] Tests run: 0, Failures: 0, Errors: 0, Time elapsed: 0.298 sec
    [junit] Running com.yahoo.dtf.junit.ShareSuite
    [junit] INFO  08/08/2010 07:41:56 ShareSuite      - Testing [cumulative]
    [junit] INFO  08/08/2010 07:42:14 ShareSuite      - Testing [queue]
    [junit] INFO  08/08/2010 07:42:31 ShareSuite      - Testing [single]
    [junit] INFO  08/08/2010 07:42:47 ShareSuite      - Testing [queue]
    [junit] Tests run: 3, Failures: 0, Errors: 0, Time elapsed: 51.794 sec
    [junit] Running com.yahoo.dtf.junit.StreamUtilSuite
    [junit] Tests run: 1, Failures: 0, Errors: 0, Time elapsed: 0.377 sec
    [junit] Running com.yahoo.dtf.junit.StreamingSuite
    [junit] INFO  08/08/2010 07:42:49 StreamingSuite  - Validating [random] with [random,0,1234]
    [junit] INFO  08/08/2010 07:42:49 StreamingSuite  - Validating [repeat] with [repeat,0,1234]
    [junit] INFO  08/08/2010 07:42:49 StreamingSuite  - Validating [random] with [random,1024,1234]
    [junit] INFO  08/08/2010 07:42:49 StreamingSuite  - Validating [repeat] with [repeat,1024,1234]
    [junit] INFO  08/08/2010 07:42:49 StreamingSuite  - Validating [random] with [random,2000000,1234]
    [junit] INFO  08/08/2010 07:42:49 StreamingSuite  - Validating [repeat] with [repeat,2000000,1234]
    [junit] INFO  08/08/2010 07:42:50 StreamingSuite  - Validating [random] with [random,0,1234] buffersize 1
    [junit] INFO  08/08/2010 07:42:50 StreamingSuite  - Validating [repeat] with [repeat,0,1234] buffersize 1
    [junit] INFO  08/08/2010 07:42:50 StreamingSuite  - Validating [random] with [random,1024,1234] buffersize 1
    [junit] INFO  08/08/2010 07:42:50 StreamingSuite  - Validating [repeat] with [repeat,1024,1234] buffersize 1
    [junit] INFO  08/08/2010 07:42:50 StreamingSuite  - Validating [random] with [random,2000000,1234] buffersize 1
    [junit] INFO  08/08/2010 07:42:50 StreamingSuite  - Validating [repeat] with [repeat,2000000,1234] buffersize 1
    [junit] INFO  08/08/2010 07:42:50 StreamingSuite  - Validating [random] with [random,0,1234] buffersize 1026
    [junit] INFO  08/08/2010 07:42:50 StreamingSuite  - Validating [repeat] with [repeat,0,1234] buffersize 1026
    [junit] INFO  08/08/2010 07:42:50 StreamingSuite  - Validating [random] with [random,1024,1234] buffersize 1026
    [junit] INFO  08/08/2010 07:42:50 StreamingSuite  - Validating [repeat] with [repeat,1024,1234] buffersize 1026
    [junit] INFO  08/08/2010 07:42:50 StreamingSuite  - Validating [random] with [random,2000000,1234] buffersize 1026
    [junit] INFO  08/08/2010 07:42:50 StreamingSuite  - Validating [repeat] with [repeat,2000000,1234] buffersize 1026
    [junit] INFO  08/08/2010 07:42:50 StreamingSuite  - Validating [random] with [random,0,1234] buffersize 65472
    [junit] INFO  08/08/2010 07:42:50 StreamingSuite  - Validating [repeat] with [repeat,0,1234] buffersize 65472
    [junit] INFO  08/08/2010 07:42:50 StreamingSuite  - Validating [random] with [random,1024,1234] buffersize 65472
    [junit] INFO  08/08/2010 07:42:50 StreamingSuite  - Validating [repeat] with [repeat,1024,1234] buffersize 65472
    [junit] INFO  08/08/2010 07:42:50 StreamingSuite  - Validating [random] with [random,2000000,1234] buffersize 65472
    [junit] INFO  08/08/2010 07:42:50 StreamingSuite  - Validating [repeat] with [repeat,2000000,1234] buffersize 65472
    [junit] INFO  08/08/2010 07:42:50 StreamingSuite  - Generating 32 byte objects.
    [junit] INFO  08/08/2010 07:42:53 StreamingSuite  - random	Op/sec:	72072
    [junit] INFO  08/08/2010 07:42:55 StreamingSuite  - repeat	Op/sec:	103412
    [junit] INFO  08/08/2010 07:42:55 StreamingSuite  - Generating 100MB byte objects.
    [junit] INFO  08/08/2010 07:43:04 StreamingSuite  - random	MB/sec:	53
    [junit] INFO  08/08/2010 07:43:05 StreamingSuite  - repeat	MB/sec:	2083
    [junit] Tests run: 5, Failures: 0, Errors: 0, Time elapsed: 15.888 sec
    [junit] Running com.yahoo.dtf.junit.SystemUtilSuite
    [junit] Tests run: 2, Failures: 0, Errors: 0, Time elapsed: 0.365 sec
    [junit] Running com.yahoo.dtf.junit.ThrottledStreamSuite
    [junit] INFO  08/08/2010 07:43:12 ThrottledStreamSuite - bps: 1852.0528124434798 off by 9%
    [junit] Tests run: 1, Failures: 0, Errors: 0, Time elapsed: 5.949 sec
    [junit] Running com.yahoo.dtf.junit.TimeUtilSuite
    [junit] Tests run: 2, Failures: 0, Errors: 0, Time elapsed: 0.357 sec

BUILD SUCCESSFUL
Total time: 3 minutes 6 seconds
