Buildfile: build.xml

junit.init:

junit:
    [mkdir] Created dir: /home/dtftest/build/dtf/build/dtf/junit_results
    [junit] WARNING: multiple versions of ant detected in path for junit 
    [junit]          jar:file:/usr/share/ant/lib/ant.jar!/org/apache/tools/ant/Project.class
    [junit]      and jar:file:/home/dtftest/build/dtf/build/dtf/dist/lib/selenium-server.jar!/org/apache/tools/ant/Project.class
    [junit] Running com.yahoo.dtf.junit.ByteUtilSuite
    [junit] Tests run: 2, Failures: 0, Errors: 0, Time elapsed: 0.756 sec
    [junit] Running com.yahoo.dtf.junit.CompHookSuite
    [junit] INFO  05/01/2011 05:29:03 Comm            - Host address [127.0.0.1]
    [junit] INFO  05/01/2011 05:29:03 CommRMIServer   - Listening at [30003]
    [junit] INFO  05/01/2011 05:29:03 Comm            - DTFC Setup.
    [junit] INFO  05/01/2011 05:29:03 DebugServer     - Listening at 127.0.0.1:40004
    [junit] INFO  05/01/2011 05:29:04 CompHookSuite   - 
    [junit] INFO  05/01/2011 05:29:04 CompHookSuite   - Testing ComponentHooks with:
    [junit] INFO  05/01/2011 05:29:04 CompHookSuite   -  * 10000 properties created.
    [junit] INFO  05/01/2011 05:29:04 CompHookSuite   -  * 128 components locked.
    [junit] INFO  05/01/2011 05:29:04 CompHookSuite   -  * dummy communication layer being used.
    [junit] INFO  05/01/2011 05:29:04 CompHookSuite   - 
    [junit] INFO  05/01/2011 05:29:11 CompHookSuite   - PropertyState hook took 55ms on average.
    [junit] INFO  05/01/2011 05:29:11 CompHookSuite   - StorageState hook took 0ms on average.
    [junit] INFO  05/01/2011 05:29:11 CompHookSuite   - StateComponentHook hook took 0ms on average.
    [junit] Tests run: 1, Failures: 0, Errors: 0, Time elapsed: 7.988 sec
    [junit] Running com.yahoo.dtf.junit.DTFJUnitTest
    [junit] Tests run: 0, Failures: 0, Errors: 0, Time elapsed: 0.341 sec
    [junit] Running com.yahoo.dtf.junit.DebugServerSuite
    [junit] INFO  05/01/2011 05:29:13 DebugServer     - Listening at 127.0.0.1:40004
    [junit] INFO  05/01/2011 05:29:13 Comm            - Host address [127.0.0.1]
    [junit] INFO  05/01/2011 05:29:13 CommRMIServer   - Listening at [30003]
    [junit] INFO  05/01/2011 05:29:13 Comm            - DTFC Setup.
    [junit] INFO  05/01/2011 05:29:17 DebugServerSuite - Help Menu: 
    [junit] INFO  05/01/2011 05:29:17 DebugServerSuite - Available commands:
    [junit]     ?     - displays this help menu.
    [junit] 
    [junit]    quit   - quits this session.
    [junit] 
    [junit]  xmltrace - displays the DTF XML trace for all currently executing DTF Actions.
    [junit] 
    [junit]  loglevel info|error|debug|warn [x.y.z.Class]
    [junit]           - set the current loglevel, levels are info, debug, warn, error.
    [junit]             ex: loglevel info
    [junit] 
    [junit]   status  - the status of this DTF node (dtfc shows all node statuses).
    [junit] 
    [junit] 
    [junit] INFO  05/01/2011 05:29:17 DebugServerSuite - Current xmltrace: 
    [junit] INFO  05/01/2011 05:29:17 DebugServerSuite - 
    [junit] --------------------------------------------------------------------------------
    [junit]   Thread ID    |              XML Trace                |      Action State      
    [junit] --------------------------------------------------------------------------------
    [junit] --------------------------------------------------------------------------------
    [junit] 
    [junit] INFO  05/01/2011 05:29:17 DebugServerSuite - loglevel response: 
    [junit] INFO  05/01/2011 05:29:17 DebugServerSuite - Log level set to [debug]
    [junit] 
    [junit] INFO  05/01/2011 05:29:17 DebugServerSuite - loglevel response: 
    [junit] INFO  05/01/2011 05:29:17 DebugServerSuite - Log level set to [warn]
    [junit] 
    [junit] INFO  05/01/2011 05:29:17 DebugServerSuite - loglevel response: 
    [junit] INFO  05/01/2011 05:29:17 DebugServerSuite - Log level set to [error]
    [junit] 
    [junit] INFO  05/01/2011 05:29:17 DebugServerSuite - loglevel response: 
    [junit] INFO  05/01/2011 05:29:17 DebugServerSuite - Log level set to [info]
    [junit] 
    [junit] INFO  05/01/2011 05:29:17 DebugServerSuite - loglevel response: 
    [junit] INFO  05/01/2011 05:29:17 DebugServerSuite - Bye
    [junit] 
    [junit] Tests run: 1, Failures: 0, Errors: 0, Time elapsed: 4.131 sec
    [junit] Running com.yahoo.dtf.junit.DummyComm
    [junit] Tests run: 0, Failures: 0, Errors: 0, Time elapsed: 0.291 sec
    [junit] Running com.yahoo.dtf.junit.EventSuite
    [junit] INFO  05/01/2011 05:29:19 EventSuite      - Validating recorder [txt]
    [junit] INFO  05/01/2011 05:29:20 EventSuite      - Record [stats] Op/sec: 223964
    [junit] WARN  05/01/2011 05:29:20 EventSuite      - No query handler for [stats]
    [junit] INFO  05/01/2011 05:29:22 EventSuite      - Record [csv] Op/sec: 108518
    [junit] WARN  05/01/2011 05:29:22 EventSuite      - No query handler for [csv]
    [junit] INFO  05/01/2011 05:29:24 EventSuite      - Record [txt] Op/sec: 89968
    [junit] INFO  05/01/2011 05:29:26 EventSuite      - Query  [txt] Op/sec: 132362
    [junit] INFO  05/01/2011 05:29:26 EventSuite      - Event size 5263 bytes.
    [junit] INFO  05/01/2011 05:29:26 EventSuite      - Record [stats] Op/sec: 102040
    [junit] INFO  05/01/2011 05:29:26 EventSuite      - Record [stats] MB/sec: 512
    [junit] WARN  05/01/2011 05:29:26 EventSuite      - No query handler for [stats]
    [junit] INFO  05/01/2011 05:29:26 EventSuite      - Event size 5263 bytes.
    [junit] INFO  05/01/2011 05:29:33 EventSuite      - Record [csv] Op/sec: 3111
    [junit] INFO  05/01/2011 05:29:33 EventSuite      - Record [csv] MB/sec: 15
    [junit] WARN  05/01/2011 05:29:33 EventSuite      - No query handler for [csv]
    [junit] INFO  05/01/2011 05:29:33 EventSuite      - Event size 5263 bytes.
    [junit] INFO  05/01/2011 05:29:44 EventSuite      - Record [txt] Op/sec: 1828
    [junit] INFO  05/01/2011 05:29:44 EventSuite      - Record [txt] MB/sec: 9
    [junit] INFO  05/01/2011 05:29:49 EventSuite      - Query  [txt] Op/sec: 3445
    [junit] INFO  05/01/2011 05:29:49 EventSuite      - Query  [txt] MB/sec: 17
    [junit] Tests run: 3, Failures: 0, Errors: 0, Time elapsed: 30.677 sec
    [junit] Running com.yahoo.dtf.junit.HashUtilSuite
    [junit] INFO  05/01/2011 05:29:54 HashUtilSuite   - sha1/s: 49726
    [junit] Tests run: 2, Failures: 0, Errors: 0, Time elapsed: 4.489 sec
    [junit] Running com.yahoo.dtf.junit.LockHookSuite
    [junit] INFO  05/01/2011 05:29:55 Comm            - Host address [127.0.0.1]
    [junit] INFO  05/01/2011 05:29:55 CommRMIServer   - Listening at [30003]
    [junit] INFO  05/01/2011 05:29:55 Comm            - DTFC Setup.
    [junit] INFO  05/01/2011 05:29:55 DebugServer     - Listening at 127.0.0.1:40004
    [junit] INFO  05/01/2011 05:29:56 LockHookSuite   - 
    [junit] INFO  05/01/2011 05:29:56 LockHookSuite   - Testing LockHooks with:
    [junit] INFO  05/01/2011 05:29:56 LockHookSuite   -  * 1000 functions registered.
    [junit] INFO  05/01/2011 05:29:56 LockHookSuite   -  * 1000 references created.
    [junit] INFO  05/01/2011 05:29:56 LockHookSuite   -  * 128 components locked.
    [junit] INFO  05/01/2011 05:29:56 LockHookSuite   -  * dummy communication layer being used.
    [junit] INFO  05/01/2011 05:29:56 LockHookSuite   - 
    [junit] INFO  05/01/2011 05:29:56 LockHookSuite   - ReferencesLockHook hook took 1ms on average.
    [junit] INFO  05/01/2011 05:29:56 LockHookSuite   - FunctionsLockHook hook took 0ms on average.
    [junit] Tests run: 1, Failures: 0, Errors: 0, Time elapsed: 0.888 sec
    [junit] Running com.yahoo.dtf.junit.NodeRunner
    [junit] Tests run: 0, Failures: 0, Errors: 0, Time elapsed: 0.297 sec
    [junit] Running com.yahoo.dtf.junit.NumberUtilSuite
    [junit] INFO  05/01/2011 05:29:58 NumberUtilSuite - Testing [1000000]
    [junit] INFO  05/01/2011 05:29:58 NumberUtilSuite - NumberUtil.isLong() took: 122ms
    [junit] INFO  05/01/2011 05:29:59 NumberUtilSuite - Regular expression took:  1155ms
    [junit] INFO  05/01/2011 05:30:00 NumberUtilSuite - Long.valueOf() took:      407ms
    [junit] INFO  05/01/2011 05:30:00 NumberUtilSuite - regular expression matching: true
    [junit] INFO  05/01/2011 05:30:00 NumberUtilSuite - NumberUtil.isLong:           true
    [junit] INFO  05/01/2011 05:30:00 NumberUtilSuite - isLong using Long.valueOf(): true
    [junit] INFO  05/01/2011 05:30:00 NumberUtilSuite - Testing [1233334a]
    [junit] INFO  05/01/2011 05:30:00 NumberUtilSuite - NumberUtil.isLong() took: 97ms
    [junit] INFO  05/01/2011 05:30:01 NumberUtilSuite - Regular expression took:  1227ms
    [junit] INFO  05/01/2011 05:30:09 NumberUtilSuite - Long.valueOf() took:      8126ms
    [junit] INFO  05/01/2011 05:30:09 NumberUtilSuite - regular expression matching: false
    [junit] INFO  05/01/2011 05:30:09 NumberUtilSuite - NumberUtil.isLong:           false
    [junit] INFO  05/01/2011 05:30:09 NumberUtilSuite - isLong using Long.valueOf(): false
    [junit] INFO  05/01/2011 05:30:09 NumberUtilSuite - Testing [100.123]
    [junit] INFO  05/01/2011 05:30:09 NumberUtilSuite - NumberUtil.isDouble() took: 127ms
    [junit] INFO  05/01/2011 05:30:11 NumberUtilSuite - Regular expression took:  1257ms
    [junit] INFO  05/01/2011 05:30:11 NumberUtilSuite - Double.valueOf() took:      501ms
    [junit] INFO  05/01/2011 05:30:11 NumberUtilSuite - regular expression matching: true
    [junit] INFO  05/01/2011 05:30:11 NumberUtilSuite - NumberUtil.isdouble:           true
    [junit] INFO  05/01/2011 05:30:11 NumberUtilSuite - isDouble using Double.valueOf(): true
    [junit] INFO  05/01/2011 05:30:11 NumberUtilSuite - Testing [123.334a]
    [junit] INFO  05/01/2011 05:30:11 NumberUtilSuite - NumberUtil.isDouble() took: 153ms
    [junit] INFO  05/01/2011 05:30:14 NumberUtilSuite - Regular expression took:  2868ms
    [junit] INFO  05/01/2011 05:30:22 NumberUtilSuite - Double.valueOf() took:      7865ms
    [junit] INFO  05/01/2011 05:30:22 NumberUtilSuite - regular expression matching: false
    [junit] INFO  05/01/2011 05:30:22 NumberUtilSuite - NumberUtil.isdouble:           false
    [junit] INFO  05/01/2011 05:30:22 NumberUtilSuite - isDouble using Double.valueOf(): false
    [junit] Tests run: 2, Failures: 0, Errors: 0, Time elapsed: 24.577 sec
    [junit] Running com.yahoo.dtf.junit.PropertiesSuite
    [junit] puts/sec: 116009.2807424594
    [junit] puts/sec: 113404.40009072353
    [junit] clones/sec: 168861.87098953058
    [junit] Tests run: 8, Failures: 0, Errors: 0, Time elapsed: 33.653 sec
    [junit] Running com.yahoo.dtf.junit.RandomGenSuite
    [junit] INFO  05/01/2011 05:30:57 RandomGenSuite  - Small Dataset Distribution
    [junit] INFO  05/01/2011 05:30:57 RandomGenSuite  - Random offby 18.00%
    [junit] INFO  05/01/2011 05:30:57 RandomGenSuite  - DTFRandom offby 12.00%
    [junit] INFO  05/01/2011 05:30:57 RandomGenSuite  - Large Dataset Distribution
    [junit] INFO  05/01/2011 05:30:58 RandomGenSuite  - Random offby .16%
    [junit] INFO  05/01/2011 05:30:59 RandomGenSuite  - DTFRandom offby .65%
    [junit] INFO  05/01/2011 05:30:59 RandomGenSuite  - Random ops/sec: 19417476
    [junit] INFO  05/01/2011 05:31:00 RandomGenSuite  - DTFRandom ops/sec: 24449877
    [junit] INFO  05/01/2011 05:31:01 RandomGenSuite  - Random ops/sec: 11312217
    [junit] INFO  05/01/2011 05:31:01 RandomGenSuite  - DTFRandom ops/sec: 14164306
    [junit] INFO  05/01/2011 05:31:04 RandomGenSuite  - Random bytes/sec: 43184596
    [junit] INFO  05/01/2011 05:31:07 RandomGenSuite  - DTFRandom bytes/sec: 58380916
    [junit] INFO  05/01/2011 05:31:07 RandomGenSuite  - Validating data for DTFRandom.
    [junit] INFO  05/01/2011 05:31:21 RandomGenSuite  - Generating nextInt() sequence from seed 1234567890
    [junit] INFO  05/01/2011 05:31:21 RandomGenSuite  - 782593066,746941499,577072204,541420637,639986798,604335231,1004891264,969239697,1067805858,1032154291,
    [junit] INFO  05/01/2011 05:31:21 RandomGenSuite  - randomString [�le3�lE1�l%7�l5]
    [junit] Tests run: 7, Failures: 0, Errors: 0, Time elapsed: 24.286 sec
    [junit] Running com.yahoo.dtf.junit.ShareSuite$SimpleGetter
    [junit] Tests run: 0, Failures: 0, Errors: 0, Time elapsed: 0.323 sec
    [junit] Running com.yahoo.dtf.junit.ShareSuite$SimpleSetter
    [junit] Tests run: 0, Failures: 0, Errors: 0, Time elapsed: 0.321 sec
    [junit] Running com.yahoo.dtf.junit.ShareSuite
    [junit] INFO  05/01/2011 05:31:24 ShareSuite      - Testing [cumulative]
    [junit] INFO  05/01/2011 05:31:44 ShareSuite      - Testing [queue]
    [junit] INFO  05/01/2011 05:32:01 ShareSuite      - Testing [single]
    [junit] INFO  05/01/2011 05:32:16 ShareSuite      - Testing [queue]
    [junit] Tests run: 3, Failures: 0, Errors: 0, Time elapsed: 53.318 sec
    [junit] Running com.yahoo.dtf.junit.StreamUtilSuite
    [junit] Tests run: 1, Failures: 0, Errors: 0, Time elapsed: 0.325 sec
    [junit] Running com.yahoo.dtf.junit.StreamingSuite
    [junit] INFO  05/01/2011 05:32:18 StreamingSuite  - Validating [random] with [random,0,12345]
    [junit] INFO  05/01/2011 05:32:18 StreamingSuite  - Validating [repeat] with [repeat,0,12345]
    [junit] INFO  05/01/2011 05:32:18 StreamingSuite  - Validating [random] with [random,1024,12345]
    [junit] INFO  05/01/2011 05:32:18 StreamingSuite  - Validating [repeat] with [repeat,1024,12345]
    [junit] INFO  05/01/2011 05:32:18 StreamingSuite  - Validating [random] with [random,2000000,12345]
    [junit] INFO  05/01/2011 05:32:18 StreamingSuite  - Validating [repeat] with [repeat,2000000,12345]
    [junit] INFO  05/01/2011 05:32:18 StreamingSuite  - Validating [random] with [random,0,12345] buffersize 1
    [junit] INFO  05/01/2011 05:32:18 StreamingSuite  - Validating [repeat] with [repeat,0,12345] buffersize 1
    [junit] INFO  05/01/2011 05:32:18 StreamingSuite  - Validating [random] with [random,1024,12345] buffersize 1
    [junit] INFO  05/01/2011 05:32:18 StreamingSuite  - Validating [repeat] with [repeat,1024,12345] buffersize 1
    [junit] INFO  05/01/2011 05:32:18 StreamingSuite  - Validating [random] with [random,2000000,12345] buffersize 1
    [junit] INFO  05/01/2011 05:32:19 StreamingSuite  - Validating [repeat] with [repeat,2000000,12345] buffersize 1
    [junit] INFO  05/01/2011 05:32:19 StreamingSuite  - Validating [random] with [random,0,12345] buffersize 1026
    [junit] INFO  05/01/2011 05:32:19 StreamingSuite  - Validating [repeat] with [repeat,0,12345] buffersize 1026
    [junit] INFO  05/01/2011 05:32:19 StreamingSuite  - Validating [random] with [random,1024,12345] buffersize 1026
    [junit] INFO  05/01/2011 05:32:19 StreamingSuite  - Validating [repeat] with [repeat,1024,12345] buffersize 1026
    [junit] INFO  05/01/2011 05:32:19 StreamingSuite  - Validating [random] with [random,2000000,12345] buffersize 1026
    [junit] INFO  05/01/2011 05:32:19 StreamingSuite  - Validating [repeat] with [repeat,2000000,12345] buffersize 1026
    [junit] INFO  05/01/2011 05:32:19 StreamingSuite  - Validating [random] with [random,0,12345] buffersize 65472
    [junit] INFO  05/01/2011 05:32:19 StreamingSuite  - Validating [repeat] with [repeat,0,12345] buffersize 65472
    [junit] INFO  05/01/2011 05:32:19 StreamingSuite  - Validating [random] with [random,1024,12345] buffersize 65472
    [junit] INFO  05/01/2011 05:32:19 StreamingSuite  - Validating [repeat] with [repeat,1024,12345] buffersize 65472
    [junit] INFO  05/01/2011 05:32:19 StreamingSuite  - Validating [random] with [random,2000000,12345] buffersize 65472
    [junit] INFO  05/01/2011 05:32:19 StreamingSuite  - Validating [repeat] with [repeat,2000000,12345] buffersize 65472
    [junit] INFO  05/01/2011 05:32:19 StreamingSuite  - Generating 32 byte objects.
    [junit] INFO  05/01/2011 05:32:30 StreamingSuite  - json	Op/sec:	9307
    [junit] INFO  05/01/2011 05:32:31 StreamingSuite  - random	Op/sec:	70372
    [junit] INFO  05/01/2011 05:32:42 StreamingSuite  - xml	Op/sec:	9162
    [junit] INFO  05/01/2011 05:32:43 StreamingSuite  - repeat	Op/sec:	92165
    [junit] INFO  05/01/2011 05:32:43 StreamingSuite  - Generating 100MB byte objects.
    [junit] INFO  05/01/2011 05:33:09 StreamingSuite  - json	MB/sec:	11
    [junit] INFO  05/01/2011 05:33:15 StreamingSuite  - random	MB/sec:	49
    [junit] INFO  05/01/2011 05:33:41 StreamingSuite  - xml	MB/sec:	11
    [junit] INFO  05/01/2011 05:33:41 StreamingSuite  - repeat	MB/sec:	2325
    [junit] Tests run: 6, Failures: 0, Errors: 0, Time elapsed: 83.479 sec
    [junit] Running com.yahoo.dtf.junit.SystemUtilSuite
    [junit] Tests run: 2, Failures: 0, Errors: 0, Time elapsed: 0.331 sec
    [junit] Running com.yahoo.dtf.junit.ThrottledStreamSuite
    [junit] INFO  05/01/2011 05:33:48 ThrottledStreamSuite - bps: 1852.0528124434798 off by 9%
    [junit] Tests run: 1, Failures: 0, Errors: 0, Time elapsed: 5.963 sec
    [junit] Running com.yahoo.dtf.junit.TimeUtilSuite
    [junit] Tests run: 2, Failures: 0, Errors: 0, Time elapsed: 0.333 sec

BUILD SUCCESSFUL
Total time: 4 minutes 49 seconds
